
> stepupedu_application@0.1.0 dev
> next dev --turbopack

 ⚠ Warning: Found multiple lockfiles. Selecting c:\Users\Software Engineer\package-lock.json.
   Consider removing the lockfiles at:
   * c:\Users\Software Engineer\OneDrive\Desktop\client projects\stepupedu_application\package-lock.json

   ▲ Next.js 15.4.6 (Turbopack)
   - Local:        http://localhost:3000
   - Network:      http://172.16.31.219:3000
   - Environments: .env.local, .env

 ✓ Starting...
 ○ Compiling middleware ...
 ✓ Compiled middleware in 853ms
 ✓ Ready in 11.1s
 ○ Compiling /login ...
 ✓ Compiled /login in 7.8s
 GET /login 200 in 8660ms
 ○ Compiling /favicon.ico ...
 GET /favicon.ico?favicon.45db1c09.ico 200 in 1071ms
 GET /favicon.ico?favicon.45db1c09.ico 200 in 1080ms
 ✓ Compiled /favicon.ico in 1315ms
 GET /api/auth/session 200 in 1691ms
 GET /api/auth/session 200 in 104ms
 GET /login 200 in 140ms
 GET /api/auth/session 200 in 110ms
 GET /api/auth/session 200 in 116ms
 ✓ Compiled /_not-found/page in 458ms
 GET /_next/internal/helpers.ts 404 in 751ms
 GET /_next/static/runtime.ts 404 in 575ms
 ✓ Compiled / in 446ms
 GET / 200 in 564ms
 GET /api/auth/session 200 in 173ms
 GET /api/auth/session 200 in 154ms
 GET /_next/internal/helpers.ts 404 in 148ms
 GET /_next/static/runtime.ts 404 in 147ms
 GET /login 200 in 134ms
 GET /api/auth/providers 200 in 140ms
 GET /api/auth/csrf 200 in 108ms
 POST /api/auth/callback/credentials? 200 in 2141ms
 GET /api/auth/session 200 in 131ms
 ✓ Compiled /dashboard/admin in 337ms
 GET /dashboard/admin 200 in 424ms
 ✓ Compiled /api/admin/dashboard-stats in 221ms
 GET /api/admin/dashboard-stats 200 in 598ms
 GET /api/admin/dashboard-stats 200 in 376ms
 GET /api/auth/csrf 200 in 143ms
 POST /api/auth/signout 200 in 106ms
 GET /login 200 in 154ms
 GET /api/auth/session 200 in 184ms
 GET /_next/internal/helpers.ts 404 in 245ms
 GET /_next/static/runtime.ts 404 in 273ms
 GET /api/auth/session 200 in 218ms
 ✓ Compiled in 159ms
 ✓ Compiled in 182ms
 ✓ Compiled in 183ms
 GET /api/auth/providers 200 in 116ms
 GET /api/auth/csrf 200 in 106ms
 POST /api/auth/callback/credentials? 200 in 599ms
 GET /api/auth/session 200 in 115ms
 GET /dashboard/admin 200 in 121ms
 GET /api/admin/dashboard-stats 200 in 376ms
 GET /api/admin/dashboard-stats 200 in 403ms
 GET /dashboard/admin 200 in 161ms
 GET /_next/internal/helpers.ts 404 in 242ms
 GET /api/auth/session 200 in 240ms
 GET /_next/static/runtime.ts 404 in 278ms
 GET /api/auth/session 200 in 158ms
 GET /api/admin/dashboard-stats 200 in 412ms
 GET /api/admin/dashboard-stats 200 in 435ms
 GET /dashboard/admin 200 in 162ms
 GET /api/auth/session 200 in 145ms
 GET /_next/internal/helpers.ts 404 in 295ms
 GET /_next/static/runtime.ts 404 in 335ms
 GET /api/auth/session 200 in 305ms
 GET /api/admin/dashboard-stats 200 in 550ms
 GET /api/admin/dashboard-stats 200 in 359ms
 GET /api/auth/csrf 200 in 137ms
 POST /api/auth/signout 200 in 102ms
 GET /login 200 in 519ms
 GET /_next/internal/helpers.ts 404 in 201ms
 GET /_next/static/runtime.ts 404 in 246ms
 GET /api/auth/session 200 in 156ms
 GET /api/auth/session 200 in 102ms
 GET /api/auth/providers 200 in 124ms
 GET /api/auth/csrf 200 in 99ms
 POST /api/auth/callback/credentials? 200 in 468ms
 GET /api/auth/session 200 in 122ms
 GET /dashboard/admin 200 in 124ms
 GET /api/admin/dashboard-stats 200 in 633ms
 GET /api/admin/dashboard-stats 200 in 446ms
 GET /api/auth/session 200 in 121ms
 GET /api/auth/session 200 in 170ms
 GET /api/admin/dashboard-stats 200 in 458ms
 GET /api/admin/dashboard-stats 200 in 378ms
 ✓ Compiled in 374ms
 GET /api/auth/csrf 200 in 134ms
 POST /api/auth/signout 200 in 102ms
 GET /login 200 in 152ms
 GET /api/auth/session 200 in 189ms
 GET /_next/static/runtime.ts 404 in 298ms
 GET /_next/internal/helpers.ts 404 in 356ms
 GET /api/auth/session 200 in 280ms
 GET /dashboard/admin 200 in 443ms
 GET /api/auth/session 200 in 254ms
 GET /_next/static/runtime.ts 404 in 338ms
 GET /_next/internal/helpers.ts 404 in 387ms
 GET /api/auth/session 200 in 323ms
 GET /login 200 in 358ms
 ✓ Compiled in 351ms
 GET /api/auth/providers 200 in 132ms
 GET /api/auth/csrf 200 in 110ms
 POST /api/auth/callback/credentials? 200 in 502ms
 GET /api/auth/session 200 in 136ms
 GET /dashboard/admin 200 in 338ms
 GET /api/admin/dashboard-stats 200 in 714ms
 GET /api/admin/dashboard-stats 200 in 411ms
 GET /api/auth/session 200 in 145ms
 GET /api/auth/session 200 in 205ms
 GET /api/admin/dashboard-stats 200 in 477ms
 GET /api/admin/dashboard-stats 200 in 426ms
 ✓ Compiled /dashboard/admin/students in 362ms
 GET /dashboard/admin/students 200 in 461ms
 ✓ Compiled /api/admin/students/passwords in 288ms
 GET /api/admin/students/passwords 200 in 691ms
 GET /api/admin/students/passwords 200 in 281ms
 GET /api/admin/dashboard-stats 200 in 380ms
 GET /api/admin/dashboard-stats 200 in 423ms
 ✓ Compiled /dashboard/admin/teachers in 310ms
 GET /dashboard/admin/teachers 200 in 395ms
 ✓ Compiled /api/admin/teachers/passwords in 226ms
 GET /api/admin/teachers/passwords 200 in 428ms
 GET /api/admin/teachers/passwords 200 in 192ms
 GET /api/admin/dashboard-stats 200 in 382ms
 GET /api/admin/dashboard-stats 200 in 509ms
 GET /dashboard/admin/teachers 200 in 138ms
 GET /api/admin/teachers/passwords 200 in 179ms
 GET /api/admin/teachers/passwords 200 in 186ms
 GET /api/admin/dashboard-stats 200 in 395ms
 GET /api/admin/dashboard-stats 200 in 405ms
 GET /dashboard/admin/students 200 in 152ms
 GET /api/admin/students/passwords 200 in 415ms
 GET /api/admin/students/passwords 200 in 295ms
 GET /api/admin/dashboard-stats 200 in 419ms
 GET /api/admin/dashboard-stats 200 in 418ms
 GET /dashboard/admin/students 200 in 118ms
 GET /api/admin/students/passwords 200 in 396ms
 GET /api/admin/students/passwords 200 in 288ms
 GET /api/admin/dashboard-stats 200 in 394ms
 GET /api/admin/dashboard-stats 200 in 384ms
 GET /dashboard/admin/students 200 in 144ms
 GET /api/admin/students/passwords 200 in 726ms
 GET /api/admin/students/passwords 200 in 274ms
 GET /api/admin/dashboard-stats 200 in 405ms
 GET /api/admin/dashboard-stats 200 in 477ms
 GET /dashboard/admin/teachers 200 in 142ms
 GET /api/admin/teachers/passwords 200 in 174ms
 GET /api/admin/teachers/passwords 200 in 492ms
 GET /api/admin/dashboard-stats 200 in 704ms
 GET /api/admin/dashboard-stats 200 in 427ms
 GET /api/auth/session 200 in 140ms
 GET /api/auth/session 200 in 196ms
 GET /api/admin/dashboard-stats 200 in 488ms
 GET /api/admin/dashboard-stats 200 in 707ms
 GET /dashboard/admin 200 in 320ms
 GET /_next/internal/helpers.ts 404 in 442ms
 GET /api/auth/session 200 in 346ms
 GET /_next/static/runtime.ts 404 in 422ms
 GET /favicon.ico?favicon.45db1c09.ico 200 in 572ms
 GET /api/auth/session 200 in 206ms
 GET /api/admin/dashboard-stats 200 in 463ms
 GET /api/admin/dashboard-stats 200 in 397ms
 GET /api/auth/session 200 in 180ms
 GET /api/auth/session 200 in 195ms
 GET /api/admin/dashboard-stats 200 in 761ms
 GET /api/admin/dashboard-stats 200 in 382ms
 ✓ Compiled /dashboard/admin/schedule in 387ms
 GET /dashboard/admin/schedule 200 in 463ms
 ✓ Compiled /api/admin/schedule in 193ms
 GET /api/admin/schedule 200 in 354ms
 GET /api/admin/schedule 200 in 180ms
 GET /api/admin/dashboard-stats 200 in 449ms
 GET /api/admin/dashboard-stats 200 in 1048ms
 ✓ Compiled /dashboard/admin/notes in 284ms
 GET /dashboard/admin/notes 200 in 370ms
 ✓ Compiled /api/admin/notes in 235ms
 GET /api/admin/notes 200 in 415ms
 GET /api/admin/notes 200 in 211ms
 GET /api/admin/dashboard-stats 200 in 393ms
 GET /api/admin/dashboard-stats 200 in 431ms
 GET /dashboard/admin/notes 200 in 119ms
 GET /api/admin/notes 200 in 173ms
 GET /api/admin/notes 200 in 181ms
 GET /api/admin/dashboard-stats 200 in 426ms
 GET /api/admin/dashboard-stats 200 in 413ms
 GET /api/auth/session 200 in 157ms
 GET /api/auth/session 200 in 203ms
 GET /api/admin/dashboard-stats 200 in 461ms
 GET /api/admin/dashboard-stats 200 in 392ms
 ✓ Compiled /dashboard/admin/student-payments in 327ms
 GET /dashboard/admin/student-payments 200 in 411ms
 ✓ Compiled /api/admin/student-payments in 164ms
 GET /api/admin/student-payments 200 in 326ms
 GET /api/admin/student-payments 200 in 192ms
 GET /api/admin/dashboard-stats 200 in 408ms
 GET /api/admin/dashboard-stats 200 in 412ms
 ✓ Compiled /dashboard/admin/teacher-payments in 357ms
 GET /dashboard/admin/teacher-payments 200 in 450ms
 ✓ Compiled /api/admin/teacher-payments in 204ms
 GET /api/admin/teacher-payments 200 in 445ms
 GET /api/admin/teacher-payments 200 in 266ms
 GET /api/admin/dashboard-stats 200 in 431ms
 GET /api/admin/dashboard-stats 200 in 435ms
